
2025/01/05 (16:16:48) | ===> btop++ v.1.4.0
2025/01/05 (16:16:48) | INFO: Logger set to DEBUG
2025/01/05 (16:16:48) | DEBUG: Using locale en_US.UTF-8
2025/01/05 (16:16:48) | INFO: Running on /dev/pts/1
2025/01/05 (16:16:48) | INFO: Failed to load libnvidia-ml.so, NVIDIA GPUs will not be detected: libnvidia-ml.so.1: cannot open shared object file: No such file or directory
2025/01/05 (16:16:48) | INFO: Failed to load librocm_smi64.so, AMD GPUs will not be detected: librocm_smi64.so.6: cannot open shared object file: No such file or directory
2025/01/05 (16:16:48) | DEBUG: Failed to find Intel GPU sysfs path, Intel GPUs will not be detected
2025/01/05 (16:16:48) | DEBUG: Shared::init() : Initialized.
2025/01/05 (16:17:11) | DEBUG: Writing new config file
2025/01/05 (16:17:11) | INFO: Quitting! Runtime: 00:00:23

2025/01/05 (21:13:18) | ===> btop++ v.1.4.0
2025/01/05 (21:13:18) | INFO: Logger set to DEBUG
2025/01/05 (21:13:18) | DEBUG: Using locale en_US.UTF-8
2025/01/05 (21:13:18) | INFO: Running on /dev/pts/1
2025/01/05 (21:13:18) | INFO: Failed to load libnvidia-ml.so, NVIDIA GPUs will not be detected: libnvidia-ml.so.1: cannot open shared object file: No such file or directory
2025/01/05 (21:13:18) | INFO: Failed to load librocm_smi64.so, AMD GPUs will not be detected: librocm_smi64.so.6: cannot open shared object file: No such file or directory
2025/01/05 (21:13:18) | DEBUG: Failed to find Intel GPU sysfs path, Intel GPUs will not be detected
2025/01/05 (21:13:18) | DEBUG: Shared::init() : Initialized.
2025/01/05 (21:13:21) | INFO: Quitting! Runtime: 00:00:03

2025/01/05 (21:31:38) | ===> btop++ v.1.4.0
2025/01/05 (21:31:38) | INFO: Logger set to DEBUG
2025/01/05 (21:31:38) | DEBUG: Using locale en_US.UTF-8
2025/01/05 (21:31:38) | INFO: Running on /dev/pts/1
2025/01/05 (21:31:38) | INFO: Failed to load libnvidia-ml.so, NVIDIA GPUs will not be detected: libnvidia-ml.so.1: cannot open shared object file: No such file or directory
2025/01/05 (21:31:38) | INFO: Failed to load librocm_smi64.so, AMD GPUs will not be detected: librocm_smi64.so.6: cannot open shared object file: No such file or directory
2025/01/05 (21:31:38) | DEBUG: Failed to find Intel GPU sysfs path, Intel GPUs will not be detected
2025/01/05 (21:31:38) | DEBUG: Shared::init() : Initialized.
2025/01/05 (21:31:43) | INFO: Quitting! Runtime: 00:00:05

2025/01/06 (15:48:42) | ===> btop++ v.1.4.0
2025/01/06 (15:48:42) | INFO: Logger set to DEBUG
2025/01/06 (15:48:42) | DEBUG: Using locale en_US.UTF-8
2025/01/06 (15:48:42) | INFO: Running on /dev/pts/5
2025/01/06 (15:48:42) | INFO: Failed to load libnvidia-ml.so, NVIDIA GPUs will not be detected: libnvidia-ml.so.1: cannot open shared object file: No such file or directory
2025/01/06 (15:48:42) | INFO: Failed to load librocm_smi64.so, AMD GPUs will not be detected: librocm_smi64.so.6: cannot open shared object file: No such file or directory
2025/01/06 (15:48:42) | DEBUG: Failed to find Intel GPU sysfs path, Intel GPUs will not be detected
2025/01/06 (15:48:42) | DEBUG: Shared::init() : Initialized.
2025/01/06 (15:48:49) | INFO: Quitting! Runtime: 00:00:07

2025/01/07 (22:00:24) | ===> btop++ v.1.4.0
2025/01/07 (22:00:24) | INFO: Logger set to DEBUG
2025/01/07 (22:00:24) | DEBUG: Using locale en_US.UTF-8
2025/01/07 (22:00:24) | INFO: Running on /dev/pts/2
2025/01/07 (22:00:24) | INFO: Failed to load libnvidia-ml.so, NVIDIA GPUs will not be detected: libnvidia-ml.so.1: cannot open shared object file: No such file or directory
2025/01/07 (22:00:24) | INFO: Failed to load librocm_smi64.so, AMD GPUs will not be detected: librocm_smi64.so.6: cannot open shared object file: No such file or directory
2025/01/07 (22:00:24) | DEBUG: Failed to find Intel GPU sysfs path, Intel GPUs will not be detected
2025/01/07 (22:00:24) | DEBUG: Shared::init() : Initialized.
2025/01/07 (22:00:26) | INFO: Quitting! Runtime: 00:00:02

2025/01/08 (16:53:13) | ===> btop++ v.1.4.0
2025/01/08 (16:53:13) | INFO: Logger set to DEBUG
2025/01/08 (16:53:13) | DEBUG: Using locale en_US.UTF-8
2025/01/08 (16:53:13) | INFO: Running on /dev/pts/0
2025/01/08 (16:53:13) | INFO: Failed to load libnvidia-ml.so, NVIDIA GPUs will not be detected: libnvidia-ml.so.1: cannot open shared object file: No such file or directory
2025/01/08 (16:53:13) | INFO: Failed to load librocm_smi64.so, AMD GPUs will not be detected: librocm_smi64.so.6: cannot open shared object file: No such file or directory
2025/01/08 (16:53:13) | DEBUG: Failed to find Intel GPU sysfs path, Intel GPUs will not be detected
2025/01/08 (16:53:13) | DEBUG: Shared::init() : Initialized.
2025/01/08 (16:55:35) | INFO: Quitting! Runtime: 00:02:22

2025/01/08 (18:41:15) | ===> btop++ v.1.4.0
2025/01/08 (18:41:15) | INFO: Logger set to DEBUG
2025/01/08 (18:41:15) | DEBUG: Using locale en_US.UTF-8
2025/01/08 (18:41:15) | INFO: Running on /dev/pts/0
2025/01/08 (18:41:15) | INFO: Failed to load libnvidia-ml.so, NVIDIA GPUs will not be detected: libnvidia-ml.so.1: cannot open shared object file: No such file or directory
2025/01/08 (18:41:15) | INFO: Failed to load librocm_smi64.so, AMD GPUs will not be detected: librocm_smi64.so.6: cannot open shared object file: No such file or directory
2025/01/08 (18:41:15) | DEBUG: Failed to find Intel GPU sysfs path, Intel GPUs will not be detected
2025/01/08 (18:41:15) | DEBUG: Shared::init() : Initialized.
2025/01/08 (18:41:21) | INFO: Quitting! Runtime: 00:00:06

2025/01/08 (20:31:52) | ===> btop++ v.1.4.0
2025/01/08 (20:31:52) | INFO: Logger set to DEBUG
2025/01/08 (20:31:52) | DEBUG: Using locale en_US.UTF-8
2025/01/08 (20:31:52) | INFO: Running on /dev/pts/1
2025/01/08 (20:31:52) | INFO: Failed to load libnvidia-ml.so, NVIDIA GPUs will not be detected: libnvidia-ml.so.1: cannot open shared object file: No such file or directory
2025/01/08 (20:31:52) | INFO: Failed to load librocm_smi64.so, AMD GPUs will not be detected: librocm_smi64.so.6: cannot open shared object file: No such file or directory
2025/01/08 (20:31:52) | DEBUG: Failed to find Intel GPU sysfs path, Intel GPUs will not be detected
2025/01/08 (20:31:52) | DEBUG: Shared::init() : Initialized.

2025/01/08 (22:50:08) | ===> btop++ v.1.4.0
2025/01/08 (22:50:08) | INFO: Logger set to DEBUG
2025/01/08 (22:50:08) | DEBUG: Using locale en_US.UTF-8
2025/01/08 (22:50:08) | INFO: Running on /dev/pts/2
2025/01/08 (22:50:08) | INFO: Failed to load libnvidia-ml.so, NVIDIA GPUs will not be detected: libnvidia-ml.so.1: cannot open shared object file: No such file or directory
2025/01/08 (22:50:08) | INFO: Failed to load librocm_smi64.so, AMD GPUs will not be detected: librocm_smi64.so.6: cannot open shared object file: No such file or directory
2025/01/08 (22:50:08) | DEBUG: Failed to find Intel GPU sysfs path, Intel GPUs will not be detected
2025/01/08 (22:50:08) | DEBUG: Shared::init() : Initialized.

2025/01/08 (23:31:24) | ===> btop++ v.1.4.0
2025/01/08 (23:31:24) | INFO: Logger set to DEBUG
2025/01/08 (23:31:24) | DEBUG: Using locale en_US.UTF-8
2025/01/08 (23:31:24) | INFO: Running on /dev/pts/0
2025/01/08 (23:31:24) | INFO: Failed to load libnvidia-ml.so, NVIDIA GPUs will not be detected: libnvidia-ml.so.1: cannot open shared object file: No such file or directory
2025/01/08 (23:31:24) | INFO: Failed to load librocm_smi64.so, AMD GPUs will not be detected: librocm_smi64.so.6: cannot open shared object file: No such file or directory
2025/01/08 (23:31:24) | DEBUG: Failed to find Intel GPU sysfs path, Intel GPUs will not be detected
2025/01/08 (23:31:24) | DEBUG: Shared::init() : Initialized.

2025/01/09 (21:28:53) | ===> btop++ v.1.4.0
2025/01/09 (21:28:53) | INFO: Logger set to DEBUG
2025/01/09 (21:28:53) | DEBUG: Using locale en_US.UTF-8
2025/01/09 (21:28:53) | INFO: Running on /dev/pts/0
2025/01/09 (21:28:53) | INFO: Failed to load libnvidia-ml.so, NVIDIA GPUs will not be detected: libnvidia-ml.so.1: cannot open shared object file: No such file or directory
2025/01/09 (21:28:53) | INFO: Failed to load librocm_smi64.so, AMD GPUs will not be detected: librocm_smi64.so.6: cannot open shared object file: No such file or directory
2025/01/09 (21:28:53) | DEBUG: Failed to find Intel GPU sysfs path, Intel GPUs will not be detected
2025/01/09 (21:28:53) | DEBUG: Shared::init() : Initialized.

2025/01/10 (20:35:45) | ===> btop++ v.1.4.0
2025/01/10 (20:35:45) | INFO: Logger set to DEBUG
2025/01/10 (20:35:45) | DEBUG: Using locale en_US.UTF-8
2025/01/10 (20:35:45) | INFO: Running on /dev/pts/5
2025/01/10 (20:35:45) | INFO: Failed to load libnvidia-ml.so, NVIDIA GPUs will not be detected: libnvidia-ml.so.1: cannot open shared object file: No such file or directory
2025/01/10 (20:35:45) | INFO: Failed to load librocm_smi64.so, AMD GPUs will not be detected: librocm_smi64.so.6: cannot open shared object file: No such file or directory
2025/01/10 (20:35:45) | DEBUG: Failed to find Intel GPU sysfs path, Intel GPUs will not be detected
2025/01/10 (20:35:45) | DEBUG: Shared::init() : Initialized.
2025/01/10 (20:35:46) | INFO: Quitting! Runtime: 00:00:01
